<?xml version="1.0" encoding="UTF-8"?>
<!-- Generated by org.testng.reporters.JUnitReportReporter -->
<testsuite skipped="6" hostname="DESKTOP-GRDMPPQ" name="org.acdigital.achdd.ac_reservation.ui.ac_ui_hdd_poc.selenium.MentionPrirityAndGroup" tests="7" failures="0" timestamp="2021-05-05T11:51:21 IST" time="14.158" errors="1">
  <testcase name="qaEngineer" time="14.158" classname="org.acdigital.achdd.ac_reservation.ui.ac_ui_hdd_poc.selenium.MentionPrirityAndGroup">
    <error type="org.openqa.selenium.SessionNotCreatedException" message="session not created: This version of ChromeDriver only supports Chrome version 77
Build info: version: &#039;3.141.59&#039;, revision: &#039;e82be7d358&#039;, time: &#039;2018-11-14T08:17:03&#039;
System info: host: &#039;DESKTOP-GRDMPPQ&#039;, ip: &#039;192.168.1.103&#039;, os.name: &#039;Windows 10&#039;, os.arch: &#039;amd64&#039;, os.version: &#039;10.0&#039;, java.version: &#039;1.8.0_212&#039;
Driver info: driver.version: ChromeDriver
remote stacktrace: Backtrace:
	Ordinal0 [0x00C5EB13+1501971]
	Ordinal0 [0x00BDF6D1+980689]
	Ordinal0 [0x00B6765F+489055]
	Ordinal0 [0x00AFF2F4+62196]
	Ordinal0 [0x00AFBCDA+48346]
	Ordinal0 [0x00B19800+169984]
	Ordinal0 [0x00B1942D+169005]
	Ordinal0 [0x00B178EB+162027]
	Ordinal0 [0x00B00AC7+68295]
	Ordinal0 [0x00B01B40+72512]
	Ordinal0 [0x00B01AD9+72409]
	Ordinal0 [0x00BF8F37+1085239]
	GetHandleVerifier [0x00CFD7ED+503293]
	GetHandleVerifier [0x00CFD580+502672]
	GetHandleVerifier [0x00D046AC+531644]
	GetHandleVerifier [0x00CFDFFA+505354]
	Ordinal0 [0x00BF0606+1050118]
	Ordinal0 [0x00BF047F+1049727]
	Ordinal0 [0x00BFAF9B+1093531]
	Ordinal0 [0x00BFB103+1093891]
	Ordinal0 [0x00BFA095+1089685]
	BaseThreadInitThunk [0x7717FA29+25]
	RtlGetAppContainerNamedObjectPath [0x777C7A4E+286]
	RtlGetAppContainerNamedObjectPath [0x777C7A1E+238]
">
      <![CDATA[org.openqa.selenium.SessionNotCreatedException: session not created: This version of ChromeDriver only supports Chrome version 77
Build info: version: '3.141.59', revision: 'e82be7d358', time: '2018-11-14T08:17:03'
System info: host: 'DESKTOP-GRDMPPQ', ip: '192.168.1.103', os.name: 'Windows 10', os.arch: 'amd64', os.version: '10.0', java.version: '1.8.0_212'
Driver info: driver.version: ChromeDriver
remote stacktrace: Backtrace:
Ordinal0 [0x00C5EB13+1501971]
Ordinal0 [0x00BDF6D1+980689]
Ordinal0 [0x00B6765F+489055]
Ordinal0 [0x00AFF2F4+62196]
Ordinal0 [0x00AFBCDA+48346]
Ordinal0 [0x00B19800+169984]
Ordinal0 [0x00B1942D+169005]
Ordinal0 [0x00B178EB+162027]
Ordinal0 [0x00B00AC7+68295]
Ordinal0 [0x00B01B40+72512]
Ordinal0 [0x00B01AD9+72409]
Ordinal0 [0x00BF8F37+1085239]
GetHandleVerifier [0x00CFD7ED+503293]
GetHandleVerifier [0x00CFD580+502672]
GetHandleVerifier [0x00D046AC+531644]
GetHandleVerifier [0x00CFDFFA+505354]
Ordinal0 [0x00BF0606+1050118]
Ordinal0 [0x00BF047F+1049727]
Ordinal0 [0x00BFAF9B+1093531]
Ordinal0 [0x00BFB103+1093891]
Ordinal0 [0x00BFA095+1089685]
BaseThreadInitThunk [0x7717FA29+25]
RtlGetAppContainerNamedObjectPath [0x777C7A4E+286]
RtlGetAppContainerNamedObjectPath [0x777C7A1E+238]

at sun.reflect.NativeConstructorAccessorImpl.newInstance0(Native Method)
at sun.reflect.NativeConstructorAccessorImpl.newInstance(Unknown Source)
at sun.reflect.DelegatingConstructorAccessorImpl.newInstance(Unknown Source)
at java.lang.reflect.Constructor.newInstance(Unknown Source)
at org.openqa.selenium.remote.W3CHandshakeResponse.lambda$errorHandler$0(W3CHandshakeResponse.java:62)
at org.openqa.selenium.remote.HandshakeResponse.lambda$getResponseFunction$0(HandshakeResponse.java:30)
at org.openqa.selenium.remote.ProtocolHandshake.lambda$createSession$0(ProtocolHandshake.java:126)
at java.util.stream.ReferencePipeline$3$1.accept(Unknown Source)
at java.util.Spliterators$ArraySpliterator.tryAdvance(Unknown Source)
at java.util.stream.ReferencePipeline.forEachWithCancel(Unknown Source)
at java.util.stream.AbstractPipeline.copyIntoWithCancel(Unknown Source)
at java.util.stream.AbstractPipeline.copyInto(Unknown Source)
at java.util.stream.AbstractPipeline.wrapAndCopyInto(Unknown Source)
at java.util.stream.FindOps$FindOp.evaluateSequential(Unknown Source)
at java.util.stream.AbstractPipeline.evaluate(Unknown Source)
at java.util.stream.ReferencePipeline.findFirst(Unknown Source)
at org.openqa.selenium.remote.ProtocolHandshake.createSession(ProtocolHandshake.java:128)
at org.openqa.selenium.remote.ProtocolHandshake.createSession(ProtocolHandshake.java:74)
at org.openqa.selenium.remote.HttpCommandExecutor.execute(HttpCommandExecutor.java:136)
at org.openqa.selenium.remote.service.DriverCommandExecutor.execute(DriverCommandExecutor.java:83)
at org.openqa.selenium.remote.RemoteWebDriver.execute(RemoteWebDriver.java:552)
at org.openqa.selenium.remote.RemoteWebDriver.startSession(RemoteWebDriver.java:213)
at org.openqa.selenium.remote.RemoteWebDriver.<init>(RemoteWebDriver.java:131)
at org.openqa.selenium.chrome.ChromeDriver.<init>(ChromeDriver.java:181)
at org.openqa.selenium.chrome.ChromeDriver.<init>(ChromeDriver.java:168)
at org.openqa.selenium.chrome.ChromeDriver.<init>(ChromeDriver.java:123)
at org.acdigital.achdd.ac_reservation.ui.ac_ui_hdd_poc.po.PriorityAndGroup.qaEngineer(PriorityAndGroup.java:14)
at sun.reflect.NativeMethodAccessorImpl.invoke0(Native Method)
at sun.reflect.NativeMethodAccessorImpl.invoke(Unknown Source)
at sun.reflect.DelegatingMethodAccessorImpl.invoke(Unknown Source)
at java.lang.reflect.Method.invoke(Unknown Source)
at org.testng.internal.MethodInvocationHelper.invokeMethod(MethodInvocationHelper.java:135)
at org.testng.internal.MethodInvocationHelper.invokeMethodConsideringTimeout(MethodInvocationHelper.java:64)
at org.testng.internal.ConfigInvoker.invokeConfigurationMethod(ConfigInvoker.java:364)
at org.testng.internal.ConfigInvoker.invokeConfigurations(ConfigInvoker.java:318)
at org.testng.TestRunner.invokeTestConfigurations(TestRunner.java:620)
at org.testng.TestRunner.beforeRun(TestRunner.java:610)
at org.testng.TestRunner.run(TestRunner.java:581)
at org.testng.SuiteRunner.runTest(SuiteRunner.java:384)
at org.testng.SuiteRunner.runSequentially(SuiteRunner.java:378)
at org.testng.SuiteRunner.privateRun(SuiteRunner.java:337)
at org.testng.SuiteRunner.run(SuiteRunner.java:286)
at org.testng.SuiteRunnerWorker.runSuite(SuiteRunnerWorker.java:53)
at org.testng.SuiteRunnerWorker.run(SuiteRunnerWorker.java:96)
at org.testng.TestNG.runSuitesSequentially(TestNG.java:1214)
at org.testng.TestNG.runSuitesLocally(TestNG.java:1136)
at org.testng.TestNG.runSuites(TestNG.java:1066)
at org.testng.TestNG.run(TestNG.java:1034)
at org.testng.remote.AbstractRemoteTestNG.run(AbstractRemoteTestNG.java:115)
at org.testng.remote.RemoteTestNG.initAndRun(RemoteTestNG.java:251)
at org.testng.remote.RemoteTestNG.main(RemoteTestNG.java:77)
]]>
    </error>
  </testcase> <!-- qaEngineer -->
  <system-out/>
  <testcase name="qa" time="0.000" classname="org.acdigital.achdd.ac_reservation.ui.ac_ui_hdd_poc.selenium.MentionPrirityAndGroup">
    <skipped/>
  </testcase> <!-- qa -->
  <system-out/>
  <testcase name="stg" time="0.000" classname="org.acdigital.achdd.ac_reservation.ui.ac_ui_hdd_poc.selenium.MentionPrirityAndGroup">
    <skipped/>
  </testcase> <!-- stg -->
  <system-out/>
  <testcase name="brk" time="0.000" classname="org.acdigital.achdd.ac_reservation.ui.ac_ui_hdd_poc.selenium.MentionPrirityAndGroup">
    <skipped/>
  </testcase> <!-- brk -->
  <system-out/>
  <testcase name="itst" time="0.000" classname="org.acdigital.achdd.ac_reservation.ui.ac_ui_hdd_poc.selenium.MentionPrirityAndGroup">
    <skipped/>
  </testcase> <!-- itst -->
  <system-out/>
  <testcase name="crp" time="0.000" classname="org.acdigital.achdd.ac_reservation.ui.ac_ui_hdd_poc.selenium.MentionPrirityAndGroup">
    <skipped/>
  </testcase> <!-- crp -->
  <system-out/>
  <testcase name="dev" time="0.000" classname="org.acdigital.achdd.ac_reservation.ui.ac_ui_hdd_poc.selenium.MentionPrirityAndGroup">
    <skipped/>
  </testcase> <!-- dev -->
  <system-out/>
</testsuite> <!-- org.acdigital.achdd.ac_reservation.ui.ac_ui_hdd_poc.selenium.MentionPrirityAndGroup -->
